{"name":"hexo","hostname":"1874deMacBook-Pro.local","pid":2919,"level":20,"msg":"Hexo version: \u001b[35m3.7.1\u001b[39m","time":"2018-10-16T03:48:40.574Z","v":0}
{"name":"hexo","hostname":"1874deMacBook-Pro.local","pid":2919,"level":20,"msg":"Working directory: \u001b[35m~/blog/\u001b[39m","time":"2018-10-16T03:48:40.576Z","v":0}
{"name":"hexo","hostname":"1874deMacBook-Pro.local","pid":2919,"level":20,"msg":"Updating package.json","time":"2018-10-16T03:48:40.622Z","v":0}
{"name":"hexo","hostname":"1874deMacBook-Pro.local","pid":2919,"level":20,"msg":"Config loaded: \u001b[35m~/blog/_config.yml\u001b[39m","time":"2018-10-16T03:48:40.630Z","v":0}
{"name":"hexo","hostname":"1874deMacBook-Pro.local","pid":2919,"level":20,"msg":"Plugin loaded: \u001b[35mhexo-generator-archive\u001b[39m","time":"2018-10-16T03:48:40.648Z","v":0}
{"name":"hexo","hostname":"1874deMacBook-Pro.local","pid":2919,"level":20,"msg":"Plugin loaded: \u001b[35mhexo-generator-index\u001b[39m","time":"2018-10-16T03:48:40.650Z","v":0}
{"name":"hexo","hostname":"1874deMacBook-Pro.local","pid":2919,"level":20,"msg":"Plugin loaded: \u001b[35mhexo-generator-category\u001b[39m","time":"2018-10-16T03:48:40.650Z","v":0}
{"name":"hexo","hostname":"1874deMacBook-Pro.local","pid":2919,"level":20,"msg":"Plugin loaded: \u001b[35mhexo-generator-tag\u001b[39m","time":"2018-10-16T03:48:40.651Z","v":0}
{"name":"hexo","hostname":"1874deMacBook-Pro.local","pid":2919,"level":20,"msg":"Plugin loaded: \u001b[35mhexo-renderer-ejs\u001b[39m","time":"2018-10-16T03:48:40.654Z","v":0}
{"name":"hexo","hostname":"1874deMacBook-Pro.local","pid":2919,"level":20,"msg":"Plugin loaded: \u001b[35mhexo-renderer-stylus\u001b[39m","time":"2018-10-16T03:48:40.655Z","v":0}
{"name":"hexo","hostname":"1874deMacBook-Pro.local","pid":2919,"level":20,"msg":"Plugin loaded: \u001b[35mhexo-renderer-marked\u001b[39m","time":"2018-10-16T03:48:40.660Z","v":0}
{"name":"hexo","hostname":"1874deMacBook-Pro.local","pid":2919,"level":20,"msg":"Plugin loaded: \u001b[35mhexo-server\u001b[39m","time":"2018-10-16T03:48:40.702Z","v":0}
{"name":"hexo","hostname":"1874deMacBook-Pro.local","pid":2919,"level":20,"msg":"Script loaded: \u001b[35mthemes/landscape/scripts/fancybox.js\u001b[39m","time":"2018-10-16T03:48:40.704Z","v":0}
{"name":"hexo","hostname":"1874deMacBook-Pro.local","pid":2919,"level":30,"msg":"Start processing","time":"2018-10-16T03:48:40.708Z","v":0}
{"name":"hexo","hostname":"1874deMacBook-Pro.local","pid":2919,"level":20,"msg":"Processed: \u001b[35mdebug.log\u001b[39m","time":"2018-10-16T03:48:40.727Z","v":0}
{"name":"hexo","hostname":"1874deMacBook-Pro.local","pid":2919,"level":20,"msg":"Theme config loaded.","time":"2018-10-16T03:48:40.747Z","v":0}
{"name":"hexo","hostname":"1874deMacBook-Pro.local","pid":2919,"level":20,"msg":"Processed: \u001b[35m_config.yml\u001b[39m","time":"2018-10-16T03:48:40.747Z","v":0}
{"name":"hexo","hostname":"1874deMacBook-Pro.local","pid":2919,"level":20,"msg":"Processed: \u001b[35msource/css/style.styl\u001b[39m","time":"2018-10-16T03:48:40.753Z","v":0}
{"name":"hexo","hostname":"1874deMacBook-Pro.local","pid":2919,"level":20,"msg":"Processed: \u001b[35msource/fancybox/blank.gif\u001b[39m","time":"2018-10-16T03:48:40.754Z","v":0}
{"name":"hexo","hostname":"1874deMacBook-Pro.local","pid":2919,"level":20,"msg":"Processed: \u001b[35msource/fancybox/fancybox_loading.gif\u001b[39m","time":"2018-10-16T03:48:40.754Z","v":0}
{"name":"hexo","hostname":"1874deMacBook-Pro.local","pid":2919,"level":20,"msg":"Processed: \u001b[35msource/fancybox/fancybox_loading@2x.gif\u001b[39m","time":"2018-10-16T03:48:40.754Z","v":0}
{"name":"hexo","hostname":"1874deMacBook-Pro.local","pid":2919,"level":20,"msg":"Processed: \u001b[35msource/fancybox/fancybox_overlay.png\u001b[39m","time":"2018-10-16T03:48:40.755Z","v":0}
{"name":"hexo","hostname":"1874deMacBook-Pro.local","pid":2919,"level":20,"msg":"Processed: \u001b[35msource/fancybox/fancybox_sprite.png\u001b[39m","time":"2018-10-16T03:48:40.755Z","v":0}
{"name":"hexo","hostname":"1874deMacBook-Pro.local","pid":2919,"level":20,"msg":"Processed: \u001b[35msource/fancybox/fancybox_sprite@2x.png\u001b[39m","time":"2018-10-16T03:48:40.756Z","v":0}
{"name":"hexo","hostname":"1874deMacBook-Pro.local","pid":2919,"level":20,"msg":"Processed: \u001b[35msource/fancybox/jquery.fancybox.css\u001b[39m","time":"2018-10-16T03:48:40.756Z","v":0}
{"name":"hexo","hostname":"1874deMacBook-Pro.local","pid":2919,"level":20,"msg":"Processed: \u001b[35msource/fancybox/jquery.fancybox.js\u001b[39m","time":"2018-10-16T03:48:40.757Z","v":0}
{"name":"hexo","hostname":"1874deMacBook-Pro.local","pid":2919,"level":20,"msg":"Processed: \u001b[35msource/fancybox/jquery.fancybox.pack.js\u001b[39m","time":"2018-10-16T03:48:40.757Z","v":0}
{"name":"hexo","hostname":"1874deMacBook-Pro.local","pid":2919,"level":20,"msg":"Processed: \u001b[35msource/js/script.js\u001b[39m","time":"2018-10-16T03:48:40.757Z","v":0}
{"name":"hexo","hostname":"1874deMacBook-Pro.local","pid":2919,"level":20,"msg":"Processed: \u001b[35mlayout/archive.ejs\u001b[39m","time":"2018-10-16T03:48:40.768Z","v":0}
{"name":"hexo","hostname":"1874deMacBook-Pro.local","pid":2919,"level":20,"msg":"Processed: \u001b[35mlayout/category.ejs\u001b[39m","time":"2018-10-16T03:48:40.768Z","v":0}
{"name":"hexo","hostname":"1874deMacBook-Pro.local","pid":2919,"level":20,"msg":"Processed: \u001b[35mlayout/index.ejs\u001b[39m","time":"2018-10-16T03:48:40.768Z","v":0}
{"name":"hexo","hostname":"1874deMacBook-Pro.local","pid":2919,"level":20,"msg":"Processed: \u001b[35mlayout/layout.ejs\u001b[39m","time":"2018-10-16T03:48:40.768Z","v":0}
{"name":"hexo","hostname":"1874deMacBook-Pro.local","pid":2919,"level":20,"msg":"Processed: \u001b[35mlayout/page.ejs\u001b[39m","time":"2018-10-16T03:48:40.768Z","v":0}
{"name":"hexo","hostname":"1874deMacBook-Pro.local","pid":2919,"level":20,"msg":"Processed: \u001b[35mlayout/post.ejs\u001b[39m","time":"2018-10-16T03:48:40.768Z","v":0}
{"name":"hexo","hostname":"1874deMacBook-Pro.local","pid":2919,"level":20,"msg":"Processed: \u001b[35mlayout/tag.ejs\u001b[39m","time":"2018-10-16T03:48:40.768Z","v":0}
{"name":"hexo","hostname":"1874deMacBook-Pro.local","pid":2919,"level":20,"msg":"Processed: \u001b[35m_posts/hello-world.md\u001b[39m","time":"2018-10-16T03:48:40.775Z","v":0}
{"name":"hexo","hostname":"1874deMacBook-Pro.local","pid":2919,"level":20,"msg":"Processed: \u001b[35mlanguages/de.yml\u001b[39m","time":"2018-10-16T03:48:40.775Z","v":0}
{"name":"hexo","hostname":"1874deMacBook-Pro.local","pid":2919,"level":20,"msg":"Processed: \u001b[35mlanguages/default.yml\u001b[39m","time":"2018-10-16T03:48:40.775Z","v":0}
{"name":"hexo","hostname":"1874deMacBook-Pro.local","pid":2919,"level":20,"msg":"Processed: \u001b[35mlanguages/es.yml\u001b[39m","time":"2018-10-16T03:48:40.775Z","v":0}
{"name":"hexo","hostname":"1874deMacBook-Pro.local","pid":2919,"level":20,"msg":"Processed: \u001b[35mlanguages/fr.yml\u001b[39m","time":"2018-10-16T03:48:40.775Z","v":0}
{"name":"hexo","hostname":"1874deMacBook-Pro.local","pid":2919,"level":20,"msg":"Processed: \u001b[35mlanguages/ja.yml\u001b[39m","time":"2018-10-16T03:48:40.775Z","v":0}
{"name":"hexo","hostname":"1874deMacBook-Pro.local","pid":2919,"level":20,"msg":"Processed: \u001b[35mlanguages/ko.yml\u001b[39m","time":"2018-10-16T03:48:40.775Z","v":0}
{"name":"hexo","hostname":"1874deMacBook-Pro.local","pid":2919,"level":20,"msg":"Processed: \u001b[35mlanguages/nl.yml\u001b[39m","time":"2018-10-16T03:48:40.775Z","v":0}
{"name":"hexo","hostname":"1874deMacBook-Pro.local","pid":2919,"level":20,"msg":"Processed: \u001b[35mlanguages/no.yml\u001b[39m","time":"2018-10-16T03:48:40.775Z","v":0}
{"name":"hexo","hostname":"1874deMacBook-Pro.local","pid":2919,"level":20,"msg":"Processed: \u001b[35mlanguages/pt.yml\u001b[39m","time":"2018-10-16T03:48:40.776Z","v":0}
{"name":"hexo","hostname":"1874deMacBook-Pro.local","pid":2919,"level":20,"msg":"Processed: \u001b[35mlanguages/ru.yml\u001b[39m","time":"2018-10-16T03:48:40.776Z","v":0}
{"name":"hexo","hostname":"1874deMacBook-Pro.local","pid":2919,"level":20,"msg":"Processed: \u001b[35mlanguages/zh-CN.yml\u001b[39m","time":"2018-10-16T03:48:40.776Z","v":0}
{"name":"hexo","hostname":"1874deMacBook-Pro.local","pid":2919,"level":20,"msg":"Processed: \u001b[35mlanguages/zh-TW.yml\u001b[39m","time":"2018-10-16T03:48:40.776Z","v":0}
{"name":"hexo","hostname":"1874deMacBook-Pro.local","pid":2919,"level":20,"msg":"Processed: \u001b[35msource/css/fonts/FontAwesome.otf\u001b[39m","time":"2018-10-16T03:48:40.790Z","v":0}
{"name":"hexo","hostname":"1874deMacBook-Pro.local","pid":2919,"level":20,"msg":"Processed: \u001b[35msource/css/fonts/fontawesome-webfont.eot\u001b[39m","time":"2018-10-16T03:48:40.790Z","v":0}
{"name":"hexo","hostname":"1874deMacBook-Pro.local","pid":2919,"level":20,"msg":"Processed: \u001b[35msource/css/fonts/fontawesome-webfont.woff\u001b[39m","time":"2018-10-16T03:48:40.790Z","v":0}
{"name":"hexo","hostname":"1874deMacBook-Pro.local","pid":2919,"level":20,"msg":"Processed: \u001b[35msource/fancybox/helpers/fancybox_buttons.png\u001b[39m","time":"2018-10-16T03:48:40.791Z","v":0}
{"name":"hexo","hostname":"1874deMacBook-Pro.local","pid":2919,"level":20,"msg":"Processed: \u001b[35msource/fancybox/helpers/jquery.fancybox-buttons.css\u001b[39m","time":"2018-10-16T03:48:40.791Z","v":0}
{"name":"hexo","hostname":"1874deMacBook-Pro.local","pid":2919,"level":20,"msg":"Processed: \u001b[35msource/fancybox/helpers/jquery.fancybox-buttons.js\u001b[39m","time":"2018-10-16T03:48:40.791Z","v":0}
{"name":"hexo","hostname":"1874deMacBook-Pro.local","pid":2919,"level":20,"msg":"Processed: \u001b[35msource/fancybox/helpers/jquery.fancybox-media.js\u001b[39m","time":"2018-10-16T03:48:40.791Z","v":0}
{"name":"hexo","hostname":"1874deMacBook-Pro.local","pid":2919,"level":20,"msg":"Processed: \u001b[35msource/fancybox/helpers/jquery.fancybox-thumbs.css\u001b[39m","time":"2018-10-16T03:48:40.792Z","v":0}
{"name":"hexo","hostname":"1874deMacBook-Pro.local","pid":2919,"level":20,"msg":"Processed: \u001b[35msource/fancybox/helpers/jquery.fancybox-thumbs.js\u001b[39m","time":"2018-10-16T03:48:40.792Z","v":0}
{"name":"hexo","hostname":"1874deMacBook-Pro.local","pid":2919,"level":20,"msg":"Processed: \u001b[35mlayout/_partial/after-footer.ejs\u001b[39m","time":"2018-10-16T03:48:40.797Z","v":0}
{"name":"hexo","hostname":"1874deMacBook-Pro.local","pid":2919,"level":20,"msg":"Processed: \u001b[35mlayout/_partial/archive-post.ejs\u001b[39m","time":"2018-10-16T03:48:40.797Z","v":0}
{"name":"hexo","hostname":"1874deMacBook-Pro.local","pid":2919,"level":20,"msg":"Processed: \u001b[35mlayout/_partial/archive.ejs\u001b[39m","time":"2018-10-16T03:48:40.797Z","v":0}
{"name":"hexo","hostname":"1874deMacBook-Pro.local","pid":2919,"level":20,"msg":"Processed: \u001b[35mlayout/_partial/article.ejs\u001b[39m","time":"2018-10-16T03:48:40.797Z","v":0}
{"name":"hexo","hostname":"1874deMacBook-Pro.local","pid":2919,"level":20,"msg":"Processed: \u001b[35mlayout/_partial/footer.ejs\u001b[39m","time":"2018-10-16T03:48:40.797Z","v":0}
{"name":"hexo","hostname":"1874deMacBook-Pro.local","pid":2919,"level":20,"msg":"Processed: \u001b[35mlayout/_partial/gauges-analytics.ejs\u001b[39m","time":"2018-10-16T03:48:40.797Z","v":0}
{"name":"hexo","hostname":"1874deMacBook-Pro.local","pid":2919,"level":20,"msg":"Processed: \u001b[35mlayout/_partial/google-analytics.ejs\u001b[39m","time":"2018-10-16T03:48:40.797Z","v":0}
{"name":"hexo","hostname":"1874deMacBook-Pro.local","pid":2919,"level":20,"msg":"Processed: \u001b[35mlayout/_partial/head.ejs\u001b[39m","time":"2018-10-16T03:48:40.797Z","v":0}
{"name":"hexo","hostname":"1874deMacBook-Pro.local","pid":2919,"level":20,"msg":"Processed: \u001b[35mlayout/_partial/header.ejs\u001b[39m","time":"2018-10-16T03:48:40.797Z","v":0}
{"name":"hexo","hostname":"1874deMacBook-Pro.local","pid":2919,"level":20,"msg":"Processed: \u001b[35mlayout/_widget/archive.ejs\u001b[39m","time":"2018-10-16T03:48:40.797Z","v":0}
{"name":"hexo","hostname":"1874deMacBook-Pro.local","pid":2919,"level":20,"msg":"Processed: \u001b[35mlayout/_partial/mobile-nav.ejs\u001b[39m","time":"2018-10-16T03:48:40.797Z","v":0}
{"name":"hexo","hostname":"1874deMacBook-Pro.local","pid":2919,"level":20,"msg":"Processed: \u001b[35mlayout/_partial/sidebar.ejs\u001b[39m","time":"2018-10-16T03:48:40.798Z","v":0}
{"name":"hexo","hostname":"1874deMacBook-Pro.local","pid":2919,"level":20,"msg":"Processed: \u001b[35mlayout/_widget/category.ejs\u001b[39m","time":"2018-10-16T03:48:40.798Z","v":0}
{"name":"hexo","hostname":"1874deMacBook-Pro.local","pid":2919,"level":20,"msg":"Processed: \u001b[35mlayout/_widget/recent_posts.ejs\u001b[39m","time":"2018-10-16T03:48:40.798Z","v":0}
{"name":"hexo","hostname":"1874deMacBook-Pro.local","pid":2919,"level":20,"msg":"Processed: \u001b[35mlayout/_widget/tag.ejs\u001b[39m","time":"2018-10-16T03:48:40.798Z","v":0}
{"name":"hexo","hostname":"1874deMacBook-Pro.local","pid":2919,"level":20,"msg":"Processed: \u001b[35mlayout/_widget/tagcloud.ejs\u001b[39m","time":"2018-10-16T03:48:40.798Z","v":0}
{"name":"hexo","hostname":"1874deMacBook-Pro.local","pid":2919,"level":20,"msg":"Processed: \u001b[35msource/css/fonts/fontawesome-webfont.ttf\u001b[39m","time":"2018-10-16T03:48:40.798Z","v":0}
{"name":"hexo","hostname":"1874deMacBook-Pro.local","pid":2919,"level":20,"msg":"Processed: \u001b[35mlayout/_partial/post/category.ejs\u001b[39m","time":"2018-10-16T03:48:40.801Z","v":0}
{"name":"hexo","hostname":"1874deMacBook-Pro.local","pid":2919,"level":20,"msg":"Processed: \u001b[35mlayout/_partial/post/date.ejs\u001b[39m","time":"2018-10-16T03:48:40.801Z","v":0}
{"name":"hexo","hostname":"1874deMacBook-Pro.local","pid":2919,"level":20,"msg":"Processed: \u001b[35mlayout/_partial/post/gallery.ejs\u001b[39m","time":"2018-10-16T03:48:40.801Z","v":0}
{"name":"hexo","hostname":"1874deMacBook-Pro.local","pid":2919,"level":20,"msg":"Processed: \u001b[35mlayout/_partial/post/nav.ejs\u001b[39m","time":"2018-10-16T03:48:40.801Z","v":0}
{"name":"hexo","hostname":"1874deMacBook-Pro.local","pid":2919,"level":20,"msg":"Processed: \u001b[35mlayout/_partial/post/tag.ejs\u001b[39m","time":"2018-10-16T03:48:40.801Z","v":0}
{"name":"hexo","hostname":"1874deMacBook-Pro.local","pid":2919,"level":20,"msg":"Processed: \u001b[35mlayout/_partial/post/title.ejs\u001b[39m","time":"2018-10-16T03:48:40.801Z","v":0}
{"name":"hexo","hostname":"1874deMacBook-Pro.local","pid":2919,"level":20,"msg":"Processed: \u001b[35msource/css/fonts/fontawesome-webfont.svg\u001b[39m","time":"2018-10-16T03:48:40.803Z","v":0}
{"name":"hexo","hostname":"1874deMacBook-Pro.local","pid":2919,"level":20,"msg":"Processed: \u001b[35msource/css/images/banner.jpg\u001b[39m","time":"2018-10-16T03:48:40.804Z","v":0}
{"name":"hexo","hostname":"1874deMacBook-Pro.local","pid":2919,"level":20,"msg":"Generator: \u001b[35mpage\u001b[39m","time":"2018-10-16T03:48:40.904Z","v":0}
{"name":"hexo","hostname":"1874deMacBook-Pro.local","pid":2919,"level":20,"msg":"Generator: \u001b[35mpost\u001b[39m","time":"2018-10-16T03:48:40.904Z","v":0}
{"name":"hexo","hostname":"1874deMacBook-Pro.local","pid":2919,"level":20,"msg":"Generator: \u001b[35marchive\u001b[39m","time":"2018-10-16T03:48:40.905Z","v":0}
{"name":"hexo","hostname":"1874deMacBook-Pro.local","pid":2919,"level":20,"msg":"Generator: \u001b[35mindex\u001b[39m","time":"2018-10-16T03:48:40.905Z","v":0}
{"name":"hexo","hostname":"1874deMacBook-Pro.local","pid":2919,"level":20,"msg":"Generator: \u001b[35mcategory\u001b[39m","time":"2018-10-16T03:48:40.905Z","v":0}
{"name":"hexo","hostname":"1874deMacBook-Pro.local","pid":2919,"level":20,"msg":"Generator: \u001b[35mtag\u001b[39m","time":"2018-10-16T03:48:40.905Z","v":0}
{"name":"hexo","hostname":"1874deMacBook-Pro.local","pid":2919,"level":20,"msg":"Generator: \u001b[35masset\u001b[39m","time":"2018-10-16T03:48:40.905Z","v":0}
{"name":"hexo","hostname":"1874deMacBook-Pro.local","pid":2919,"level":30,"msg":"Hexo is running at \u001b[4mhttp://localhost:4000\u001b[24m . Press Ctrl+C to stop.","time":"2018-10-16T03:48:40.908Z","v":0}
{"name":"hexo","hostname":"1874deMacBook-Pro.local","pid":2919,"level":20,"msg":"Database saved","time":"2018-10-16T03:48:40.912Z","v":0}
{"name":"hexo","hostname":"1874deMacBook-Pro.local","pid":2919,"level":20,"msg":"Rendering index: \u001b[35mindex.html\u001b[39m","time":"2018-10-16T03:49:16.094Z","v":0}
{"name":"hexo","hostname":"1874deMacBook-Pro.local","pid":2919,"level":20,"msg":"Rendering index: \u001b[35mindex.html\u001b[39m","time":"2018-10-16T03:50:02.099Z","v":0}
{"name":"hexo","hostname":"1874deMacBook-Pro.local","pid":2919,"level":30,"msg":"Farewell","time":"2018-10-16T04:11:39.928Z","v":0}
{"name":"hexo","hostname":"1874deMacBook-Pro.local","pid":2919,"level":20,"msg":"Database saved","time":"2018-10-16T04:11:39.935Z","v":0}
